22:44:37.725 [main] DEBUG Tests.TestLogin - User clicked on Login button
22:44:38.396 [main] DEBUG Tests.TestLogin - User clicked on Profile icon
22:44:39.378 [main] DEBUG Tests.TestLogin - User is logged in succesfully
22:44:39.378 [main] DEBUG Tests.TestLogin - User is not logged in succesfully
22:44:39.526 [main] INFO  Tests.TestLogin - Broser closed
22:52:51.932 [TestNG-test=Login Functionality-1] INFO  Tests.TestLogin - Browser is launched
22:53:04.107 [TestNG-test=Login Functionality-1] DEBUG Tests.TestLogin - Entered the URL
22:53:08.555 [TestNG-test=Login Functionality-1] DEBUG Tests.TestLogin - User enters the username
22:53:10.694 [TestNG-test=Login Functionality-1] DEBUG Tests.TestLogin - User enters the pasword
22:53:13.384 [TestNG-test=Login Functionality-1] DEBUG Tests.TestLogin - User clicked on Login button
22:53:23.548 [TestNG-test=Login Functionality-1] DEBUG Tests.TestLogin - User is not logged in succesfully
22:53:26.559 [TestNG-test=Login Functionality-1] INFO  Tests.TestLogin - Broser closed
22:53:28.514 [TestNG-test=Login Functionality-1] INFO  Tests.TestLogin - Browser is launched
22:53:34.347 [TestNG-test=Login Functionality-1] DEBUG Tests.TestLogin - Entered the URL
22:53:34.914 [TestNG-test=Login Functionality-1] DEBUG Tests.TestLogin - User enters the username
22:53:35.065 [TestNG-test=Login Functionality-1] DEBUG Tests.TestLogin - User enters the pasword
22:53:36.381 [TestNG-test=Login Functionality-1] DEBUG Tests.TestLogin - User clicked on Login button
22:53:37.028 [TestNG-test=Login Functionality-1] DEBUG Tests.TestLogin - User clicked on Profile icon
22:53:38.028 [TestNG-test=Login Functionality-1] DEBUG Tests.TestLogin - User is logged in succesfully
22:53:38.372 [TestNG-test=Login Functionality-1] INFO  Tests.TestLogin - Broser closed
22:55:20.871 [TestNG-test=Login Functionality-1] INFO  Tests.TestLogin - Browser is launched
22:55:24.371 [TestNG-test=Login Functionality-1] DEBUG Tests.TestLogin - Entered the URL
22:55:25.554 [TestNG-test=Login Functionality-1] DEBUG Tests.TestLogin - User enters the username
22:55:25.694 [TestNG-test=Login Functionality-1] DEBUG Tests.TestLogin - User enters the pasword
22:55:27.305 [TestNG-test=Login Functionality-1] DEBUG Tests.TestLogin - User clicked on Login button
22:55:29.305 [TestNG-test=Login Functionality-1] DEBUG Tests.TestLogin - User is logged in succesfully
22:55:35.202 [TestNG-test=Login Functionality-1] INFO  Tests.TestLogin - Browser is launched
22:55:41.249 [TestNG-test=Login Functionality-1] DEBUG Tests.TestLogin - Entered the URL
22:55:41.897 [TestNG-test=Login Functionality-1] DEBUG Tests.TestLogin - User enters the username
22:55:42.066 [TestNG-test=Login Functionality-1] DEBUG Tests.TestLogin - User enters the pasword
22:55:42.236 [TestNG-test=Login Functionality-1] DEBUG Tests.TestLogin - User clicked on Login button
22:55:53.178 [TestNG-test=Login Functionality-1] DEBUG Tests.TestLogin - User is not logged in succesfully
22:57:28.275 [TestNG-test=Login Functionality-1] INFO  Tests.TestLogin - Browser is launched
22:57:34.631 [TestNG-test=Login Functionality-1] DEBUG Tests.TestLogin - Entered the URL
22:57:35.383 [TestNG-test=Login Functionality-1] DEBUG Tests.TestLogin - User enters the username
22:57:35.708 [TestNG-test=Login Functionality-1] DEBUG Tests.TestLogin - User enters the pasword
22:57:37.666 [TestNG-test=Login Functionality-1] DEBUG Tests.TestLogin - User clicked on Login button
22:57:41.307 [TestNG-test=Login Functionality-1] DEBUG Tests.TestLogin - User is logged in succesfully
22:57:45.886 [TestNG-test=Login Functionality-1] INFO  Tests.TestLogin - Browser is launched
22:57:50.634 [TestNG-test=Login Functionality-1] DEBUG Tests.TestLogin - Entered the URL
22:57:51.468 [TestNG-test=Login Functionality-1] DEBUG Tests.TestLogin - User enters the username
22:57:51.627 [TestNG-test=Login Functionality-1] DEBUG Tests.TestLogin - User enters the pasword
22:57:52.858 [TestNG-test=Login Functionality-1] DEBUG Tests.TestLogin - User clicked on Login button
22:58:02.943 [TestNG-test=Login Functionality-1] DEBUG Tests.TestLogin - User is not logged in succesfully
23:05:46.132 [TestNG-test=Login Functionality-1] INFO  Tests.TestLogin - Browser is launched
23:05:51.956 [TestNG-test=Login Functionality-1] DEBUG Tests.TestLogin - Entered the URL
23:05:52.627 [TestNG-test=Login Functionality-1] DEBUG Tests.TestLogin - User enters the username
23:05:52.887 [TestNG-test=Login Functionality-1] DEBUG Tests.TestLogin - User enters the pasword
23:05:54.207 [TestNG-test=Login Functionality-1] DEBUG Tests.TestLogin - User clicked on Login button
23:05:55.689 [TestNG-test=Login Functionality-1] DEBUG Tests.TestLogin - User is logged in succesfully
23:05:58.925 [TestNG-test=Login Functionality-1] INFO  Tests.TestLogin - Browser is launched
23:06:04.892 [TestNG-test=Login Functionality-1] DEBUG Tests.TestLogin - Entered the URL
23:06:05.666 [TestNG-test=Login Functionality-1] DEBUG Tests.TestLogin - User enters the username
23:06:05.961 [TestNG-test=Login Functionality-1] DEBUG Tests.TestLogin - User enters the pasword
23:06:06.955 [TestNG-test=Login Functionality-1] DEBUG Tests.TestLogin - User clicked on Login button
23:06:16.991 [TestNG-test=Login Functionality-1] DEBUG Tests.TestLogin - User is not logged in succesfully
23:07:51.742 [main] INFO  Tests.TestLogin - Browser is launched
23:07:57.274 [main] DEBUG Tests.TestLogin - Entered the URL
23:07:57.993 [main] DEBUG Tests.TestLogin - User enters the username
23:07:58.330 [main] DEBUG Tests.TestLogin - User enters the pasword
23:07:59.769 [main] DEBUG Tests.TestLogin - User clicked on Login button
23:08:01.376 [main] DEBUG Tests.TestLogin - User is logged in succesfully
23:08:04.411 [main] INFO  Tests.TestLogin - Browser is launched
23:08:10.470 [main] DEBUG Tests.TestLogin - Entered the URL
23:08:11.365 [main] DEBUG Tests.TestLogin - User enters the username
23:08:11.659 [main] DEBUG Tests.TestLogin - User enters the pasword
23:08:12.744 [main] DEBUG Tests.TestLogin - User clicked on Login button
23:08:22.804 [main] DEBUG Tests.TestLogin - User is not logged in succesfully
23:11:50.703 [TestNG-test=Login Functionality-1] INFO  Tests.TestLogin - Browser is launched
23:11:57.969 [TestNG-test=Login Functionality-1] DEBUG Tests.TestLogin - Entered the URL
23:11:58.785 [TestNG-test=Login Functionality-1] DEBUG Tests.TestLogin - User enters the username
23:11:58.917 [TestNG-test=Login Functionality-1] DEBUG Tests.TestLogin - User enters the pasword
23:12:00.381 [TestNG-test=Login Functionality-1] DEBUG Tests.TestLogin - User clicked on Login button
23:12:02.164 [TestNG-test=Login Functionality-1] DEBUG Tests.TestLogin - User is logged in succesfully
23:15:38.086 [main] INFO  Tests.TestLogin - Browser is launched
23:15:43.324 [main] DEBUG Tests.TestLogin - Entered the URL
23:15:44.144 [main] DEBUG Tests.TestLogin - User enters the username
23:15:44.349 [main] DEBUG Tests.TestLogin - User enters the pasword
23:15:45.631 [main] DEBUG Tests.TestLogin - User clicked on Login button
23:15:47.090 [main] DEBUG Tests.TestLogin - User is logged in succesfully
23:15:49.170 [main] INFO  Tests.TestLogin - Browser is launched
23:15:54.288 [main] DEBUG Tests.TestLogin - Entered the URL
23:15:54.953 [main] DEBUG Tests.TestLogin - User enters the username
23:15:55.094 [main] DEBUG Tests.TestLogin - User enters the pasword
23:15:56.180 [main] DEBUG Tests.TestLogin - User clicked on Login button
23:16:06.279 [main] DEBUG Tests.TestLogin - User is not logged in succesfully
23:16:41.677 [main] INFO  Tests.TestLogin - Browser is launched
23:16:47.047 [main] DEBUG Tests.TestLogin - Entered the URL
23:16:47.796 [main] DEBUG Tests.TestLogin - User enters the username
23:16:48.065 [main] DEBUG Tests.TestLogin - User enters the pasword
23:16:48.358 [main] DEBUG Tests.TestLogin - User clicked on Login button
23:16:51.645 [main] DEBUG Tests.TestLogin - User is logged in succesfully
23:18:28.591 [main] INFO  Tests.TestLogin - Browser is launched
23:18:33.557 [main] DEBUG Tests.TestLogin - Entered the URL
23:18:34.235 [main] DEBUG Tests.TestLogin - User enters the username
23:18:34.398 [main] DEBUG Tests.TestLogin - User enters the pasword
23:18:35.800 [main] DEBUG Tests.TestLogin - User clicked on Login button
23:18:37.464 [main] DEBUG Tests.TestLogin - User is logged in succesfully
23:21:13.964 [main] INFO  Tests.TestLogin - Browser is launched
23:21:19.750 [main] DEBUG Tests.TestLogin - Entered the URL
23:21:20.832 [main] DEBUG Tests.TestLogin - User enters the username
23:21:20.981 [main] DEBUG Tests.TestLogin - User enters the pasword
23:21:22.322 [main] DEBUG Tests.TestLogin - User clicked on Login button
23:21:24.070 [main] DEBUG Tests.TestLogin - User is logged in succesfully
23:22:33.090 [TestNG-test=Login Functionality-1] INFO  Tests.TestLogin - Browser is launched
23:22:47.135 [TestNG-test=Login Functionality-1] DEBUG Tests.TestLogin - Entered the URL
23:22:48.478 [TestNG-test=Login Functionality-1] DEBUG Tests.TestLogin - User enters the username
23:22:48.612 [TestNG-test=Login Functionality-1] DEBUG Tests.TestLogin - User enters the pasword
23:22:49.985 [TestNG-test=Login Functionality-1] DEBUG Tests.TestLogin - User clicked on Login button
23:22:51.769 [TestNG-test=Login Functionality-1] DEBUG Tests.TestLogin - User is logged in succesfully
23:23:19.515 [main] INFO  Tests.TestLogin - Browser is launched
23:23:31.934 [main] DEBUG Tests.TestLogin - Entered the URL
23:23:33.142 [main] DEBUG Tests.TestLogin - User enters the username
23:23:33.348 [main] DEBUG Tests.TestLogin - User enters the pasword
23:23:34.822 [main] DEBUG Tests.TestLogin - User clicked on Login button
23:23:36.270 [main] DEBUG Tests.TestLogin - User is logged in succesfully
23:23:38.484 [main] INFO  Tests.TestLogin - Browser is launched
23:23:50.596 [main] DEBUG Tests.TestLogin - Entered the URL
23:23:51.890 [main] DEBUG Tests.TestLogin - User enters the username
