23:23:52.216 [main] DEBUG Tests.TestLogin - User enters the pasword
23:23:52.469 [main] DEBUG Tests.TestLogin - User clicked on Login button
23:24:03.707 [main] DEBUG Tests.TestLogin - User is not logged in succesfully
23:25:47.336 [main] INFO  Tests.TestLogin - Browser is launched
23:25:52.860 [main] DEBUG Tests.TestLogin - Entered the URL
23:25:54.031 [main] DEBUG Tests.TestLogin - User enters the username
23:25:54.295 [main] DEBUG Tests.TestLogin - User enters the pasword
23:25:54.749 [main] DEBUG Tests.TestLogin - User clicked on Login button
23:25:58.755 [main] DEBUG Tests.TestLogin - User is logged in succesfully
23:26:03.355 [main] INFO  Tests.TestLogin - Browser is launched
23:26:10.553 [main] DEBUG Tests.TestLogin - Entered the URL
23:26:11.230 [main] DEBUG Tests.TestLogin - User enters the username
23:26:11.373 [main] DEBUG Tests.TestLogin - User enters the pasword
23:26:12.567 [main] DEBUG Tests.TestLogin - User clicked on Login button
23:26:22.985 [main] DEBUG Tests.TestLogin - User is not logged in succesfully
23:27:44.415 [TestNG-test=Login Functionality-1] INFO  Tests.TestLogin - Browser is launched
23:27:54.095 [TestNG-test=Login Functionality-1] DEBUG Tests.TestLogin - Entered the URL
23:27:56.441 [TestNG-test=Login Functionality-1] DEBUG Tests.TestLogin - User enters the username
23:27:56.894 [TestNG-test=Login Functionality-1] DEBUG Tests.TestLogin - User enters the pasword
23:27:58.914 [TestNG-test=Login Functionality-1] DEBUG Tests.TestLogin - User clicked on Login button
23:28:01.896 [TestNG-test=Login Functionality-1] DEBUG Tests.TestLogin - User is logged in succesfully
23:30:47.782 [TestNG-test=Login Functionality-1] INFO  Tests.TestLogin - Browser is launched
23:30:53.418 [TestNG-test=Login Functionality-1] DEBUG Tests.TestLogin - Entered the URL
23:30:54.621 [TestNG-test=Login Functionality-1] DEBUG Tests.TestLogin - User enters the username
23:31:04.949 [main] INFO  Tests.TestLogin - Browser is launched
23:31:15.039 [main] DEBUG Tests.TestLogin - Entered the URL
23:31:16.025 [main] DEBUG Tests.TestLogin - User enters the username
23:31:16.485 [main] DEBUG Tests.TestLogin - User enters the pasword
23:31:19.057 [main] DEBUG Tests.TestLogin - User clicked on Login button
23:31:21.323 [main] DEBUG Tests.TestLogin - User is logged in succesfully
23:33:19.659 [main] INFO  Tests.TestLogin - Browser is launched
23:33:25.936 [main] DEBUG Tests.TestLogin - Entered the URL
23:33:26.753 [main] DEBUG Tests.TestLogin - User enters the username
23:33:26.957 [main] DEBUG Tests.TestLogin - User enters the pasword
23:33:27.200 [main] DEBUG Tests.TestLogin - User clicked on Login button
23:33:29.790 [main] DEBUG Tests.TestLogin - User is logged in succesfully
23:33:32.595 [main] INFO  Tests.TestLogin - Browser is launched
23:33:38.641 [main] DEBUG Tests.TestLogin - Entered the URL
23:33:39.334 [main] DEBUG Tests.TestLogin - User enters the username
23:33:39.458 [main] DEBUG Tests.TestLogin - User enters the pasword
23:33:40.472 [main] DEBUG Tests.TestLogin - User clicked on Login button
23:33:50.512 [main] DEBUG Tests.TestLogin - User is not logged in succesfully
23:42:49.332 [main] INFO  Tests.TestLogin - Browser is launched
23:42:56.115 [main] DEBUG Tests.TestLogin - Entered the URL
23:42:56.766 [main] DEBUG Tests.TestLogin - User enters the username
23:42:56.972 [main] DEBUG Tests.TestLogin - User enters the pasword
23:42:58.245 [main] DEBUG Tests.TestLogin - User clicked on Login button
23:43:00.122 [main] DEBUG Tests.TestLogin - User is logged in succesfully
23:43:02.774 [main] INFO  Tests.TestLogin - Browser is launched
23:43:09.390 [main] DEBUG Tests.TestLogin - Entered the URL
23:43:10.038 [main] DEBUG Tests.TestLogin - User enters the username
23:43:10.258 [main] DEBUG Tests.TestLogin - User enters the pasword
23:43:11.305 [main] DEBUG Tests.TestLogin - User clicked on Login button
23:43:21.466 [main] DEBUG Tests.TestLogin - User is not logged in succesfully
23:52:29.824 [main] INFO  Tests.TestLogin - Browser is launched
23:52:43.962 [main] DEBUG Tests.TestLogin - Entered the URL
23:52:45.528 [main] DEBUG Tests.TestLogin - User enters the username
23:52:45.675 [main] DEBUG Tests.TestLogin - User enters the pasword
23:52:47.324 [main] DEBUG Tests.TestLogin - User clicked on Login button
23:52:49.164 [main] DEBUG Tests.TestLogin - User is logged in succesfully
23:52:53.343 [main] INFO  Tests.TestLogin - Browser is launched
23:52:59.705 [main] DEBUG Tests.TestLogin - Entered the URL
23:53:00.401 [main] DEBUG Tests.TestLogin - User enters the username
23:53:00.586 [main] DEBUG Tests.TestLogin - User enters the pasword
23:53:01.517 [main] DEBUG Tests.TestLogin - User clicked on Login button
23:53:11.604 [main] DEBUG Tests.TestLogin - User is not logged in succesfully
23:55:27.141 [main] INFO  Tests.TestLogin - Browser is launched
23:55:33.322 [main] DEBUG Tests.TestLogin - Entered the URL
23:55:34.084 [main] DEBUG Tests.TestLogin - User enters the username
23:55:34.301 [main] DEBUG Tests.TestLogin - User enters the pasword
23:55:35.265 [main] DEBUG Tests.TestLogin - User clicked on Login button
23:55:45.349 [main] DEBUG Tests.TestLogin - User is not logged in succesfully
23:55:47.518 [main] INFO  Tests.TestLogin - Broser closed
23:55:49.758 [main] INFO  Tests.TestLogin - Browser is launched
23:55:53.133 [main] DEBUG Tests.TestLogin - Entered the URL
23:55:56.809 [main] DEBUG Tests.TestLogin - User enters the username
23:55:57.046 [main] DEBUG Tests.TestLogin - User enters the pasword
23:55:58.604 [main] DEBUG Tests.TestLogin - User clicked on Login button
23:55:59.187 [main] DEBUG Tests.TestLogin - User clicked on Profile icon
23:56:00.152 [main] DEBUG Tests.TestLogin - User is logged in succesfully
23:56:00.465 [main] INFO  Tests.TestLogin - Broser closed
23:59:40.980 [main] INFO  Tests.TestLogin - Browser is launched
23:59:47.500 [main] DEBUG Tests.TestLogin - Entered the URL
23:59:48.260 [main] DEBUG Tests.TestLogin - User enters the username
23:59:48.545 [main] DEBUG Tests.TestLogin - User enters the pasword
23:59:49.787 [main] DEBUG Tests.TestLogin - User clicked on Login button
23:59:59.848 [main] DEBUG Tests.TestLogin - User is not logged in succesfully
00:00:02.111 [main] INFO  Tests.TestLogin - Broser closed
00:00:03.983 [main] INFO  Tests.TestLogin - Browser is launched
00:00:10.698 [main] DEBUG Tests.TestLogin - Entered the URL
00:00:11.567 [main] DEBUG Tests.TestLogin - User enters the username
00:00:11.756 [main] DEBUG Tests.TestLogin - User enters the pasword
00:00:14.031 [main] DEBUG Tests.TestLogin - User clicked on Login button
00:00:14.596 [main] DEBUG Tests.TestLogin - User clicked on Profile icon
00:00:15.430 [main] DEBUG Tests.TestLogin - User is logged in succesfully
00:00:15.843 [main] INFO  Tests.TestLogin - Broser closed
00:00:43.050 [main] INFO  Tests.TestLogin - Browser is launched
00:00:50.420 [main] DEBUG Tests.TestLogin - Entered the URL
00:00:51.000 [main] DEBUG Tests.TestLogin - User enters the username
00:00:51.131 [main] DEBUG Tests.TestLogin - User enters the pasword
00:00:52.053 [main] DEBUG Tests.TestLogin - User clicked on Login button
00:01:02.120 [main] DEBUG Tests.TestLogin - User is not logged in succesfully
00:01:06.478 [main] INFO  Tests.TestLogin - Broser closed
00:01:09.799 [main] INFO  Tests.TestLogin - Browser is launched
00:01:17.408 [main] DEBUG Tests.TestLogin - Entered the URL
00:01:17.992 [main] DEBUG Tests.TestLogin - User enters the username
00:01:18.135 [main] DEBUG Tests.TestLogin - User enters the pasword
00:01:19.510 [main] DEBUG Tests.TestLogin - User clicked on Login button
00:01:20.203 [main] DEBUG Tests.TestLogin - User clicked on Profile icon
00:01:21.094 [main] DEBUG Tests.TestLogin - User is logged in succesfully
00:01:21.462 [main] INFO  Tests.TestLogin - Broser closed
00:04:44.424 [main] INFO  Tests.TestLogin - Browser is launched
00:04:51.780 [main] DEBUG Tests.TestLogin - Entered the URL
00:04:52.471 [main] DEBUG Tests.TestLogin - User enters the username
00:04:52.632 [main] DEBUG Tests.TestLogin - User enters the pasword
00:04:53.644 [main] DEBUG Tests.TestLogin - User clicked on Login button
00:05:03.690 [main] DEBUG Tests.TestLogin - User is not logged in succesfully
00:05:06.159 [main] INFO  Tests.TestLogin - Broser closed
00:05:08.862 [main] INFO  Tests.TestLogin - Browser is launched
00:05:12.628 [main] DEBUG Tests.TestLogin - Entered the URL
00:05:16.140 [main] DEBUG Tests.TestLogin - User enters the username
00:05:16.264 [main] DEBUG Tests.TestLogin - User enters the pasword
00:05:18.025 [main] DEBUG Tests.TestLogin - User clicked on Login button
00:05:18.501 [main] DEBUG Tests.TestLogin - User clicked on Profile icon
00:05:38.562 [main] DEBUG Tests.TestLogin - User is not logged in succesfully
00:05:39.212 [main] INFO  Tests.TestLogin - Broser closed
00:06:21.491 [main] INFO  Tests.TestLogin - Browser is launched
00:06:32.606 [main] DEBUG Tests.TestLogin - Entered the URL
00:06:33.317 [main] DEBUG Tests.TestLogin - User enters the username
00:06:33.456 [main] DEBUG Tests.TestLogin - User enters the pasword
00:06:34.509 [main] DEBUG Tests.TestLogin - User clicked on Login button
00:06:44.541 [main] DEBUG Tests.TestLogin - User is not logged in succesfully
00:06:47.123 [main] INFO  Tests.TestLogin - Broser closed
00:06:50.301 [main] INFO  Tests.TestLogin - Browser is launched
00:06:56.730 [main] DEBUG Tests.TestLogin - Entered the URL
00:06:57.449 [main] DEBUG Tests.TestLogin - User enters the username
00:06:57.598 [main] DEBUG Tests.TestLogin - User enters the pasword
00:06:58.978 [main] DEBUG Tests.TestLogin - User clicked on Login button
00:06:59.645 [main] DEBUG Tests.TestLogin - User clicked on Profile icon
00:07:19.826 [main] DEBUG Tests.TestLogin - User is not logged in succesfully
00:07:20.486 [main] INFO  Tests.TestLogin - Broser closed
00:09:43.869 [main] INFO  Tests.TestLogin - Browser is launched
